A51 MACRO ASSEMBLER  MAIN                                                                 04/05/2023 20:05:20 PAGE     1


MACRO ASSEMBLER A51 V8.2.7.0
OBJECT MODULE PLACED IN .\Objects\main.obj
ASSEMBLER INVOKED BY: C:\Keil_v5\C51\BIN\A51.EXE main.asm SET(SMALL) DEBUG PRINT(.\Listings\main.lst) OBJECT(.\Objects\m
                      ain.obj) EP

LOC  OBJ            LINE     SOURCE

4000                   1     ORG 4000H
4000 C0F9A4B0          2     DB 0c0h,0f9h,0a4h,0b0h,99h,92h,82h,0f8h,80h,90h
4004 999282F8                
4008 8090                    
                       3     ;Thu tu luu tru cua cac thanh ghi {R2}{R3}:{R4}{R5}
0000                   4     ORG 0000H
0000 020099            5     LJMP main
0030                   6     ORG 30H
0030                   7     delay_10ms_Timer:
0030 758901            8         MOV TMOD, #01h
0033 758CD8            9             MOV TH0, #0D8h
0036 758AF0           10             MOV TL0, #0F0h
0039 D28C             11             SETB TR0
003B 308DFD           12             JNB TF0, $
003E C28D             13             CLR TF0
0040 C28C             14             CLR TR0
0042 22               15     RET
0043                  16     Setup_Clock:
0043 7EFA             17     MOV R6, #250
0045 7F06             18     MOV R7, #6
0047 BA0204           19     CJNE R2, #2d,Init_Clock
004A BB0401           20     CJNE R3, #4d,Init_Clock
004D 22               21     RET
004E                  22     Init_Clock:
004E 904000           23             MOV DPTR, #4000H
0051                  24         HienThiChucGio:
0051 75B000           25             MOV P3, #00000000b
0054                  26             HienThiChucGio_1:
                      27                     ;MOV P3, A
0054 E4               28                     CLR A
                      29                     ;MOV R2, #01h
0055 EA               30                     MOV A,R2
0056 93               31                     MOVC A,@A+DPTR
0057 F5A0             32                     MOV P2, A
0059 120030           33                     LCAlL delay_10ms_Timer
005C                  34         HienThiDonViGio:
005C 75B001           35             MOV P3, #0000001b
005F                  36             HienThiDonViGio_1:
                      37                     ;MOV P3, A
005F E4               38                     CLR A
                      39                     ;MOV R3, #00h
0060 EB               40                     MOV A,R3
0061 93               41                     MOVC A,@A+DPTR
0062 F5A0             42                     MOV P2, A
0064 120030           43                     LCAlL delay_10ms_Timer
0067                  44         HienThiChucPhut:
0067 75B002           45             MOV P3, #00000010b
006A                  46             HienThiChucPhut_1:
                      47                     ;MOV P3, A
006A E4               48                     CLR A
                      49                     ;MOV R4, #03h
006B EC               50                     MOV A,R4
006C 93               51                     MOVC A,@A+DPTR
006D F5A0             52                     MOV P2, A
006F 120030           53                     LCAlL delay_10ms_Timer
0072                  54         HienThiDonViPhut:
0072 75B003           55             MOV P3, #00000011b
A51 MACRO ASSEMBLER  MAIN                                                                 04/05/2023 20:05:20 PAGE     2

0075                  56             HienThiDonViPhut_1:
                      57                     ;MOV P3, A
0075 E4               58                     CLR A
                      59                     ;MOV R5, #09h
0076 ED               60                     MOV A,R5
0077 93               61                     MOVC A,@A+DPTR
0078 F5A0             62                     MOV P2, A
007A 120030           63                     LCAlL delay_10ms_Timer
007D DECF             64             DJNZ R6, Init_Clock
007F 7EFA             65             MOV R6, #250
0081 DFCB             66             DJNZ R7, Init_Clock
0083 0D               67             INC R5
0084 BD0ABC           68             CJNE R5,#10, Setup_Clock
0087 7D00             69             MOV R5, #0
0089 0C               70             INC R4
008A BC06B6           71             CJNE R4,#6, Setup_Clock
008D 7C00             72             MOV R4, #0
008F 0B               73             INC R3
0090 BB0AB0           74             CJNE R3,#10, Setup_Clock
0093 7B00             75             MOV R3, #0
0095 0A               76             INC R2
0096 80AB             77             JMP Setup_Clock
0098 22               78     RET
                      79     
0099                  80     main:      
0099 7D00             81                MOV R5,#0
009B 7C03             82                MOV R4,#3
009D 7B03             83                MOV R3,#3
009F 7A02             84                MOV R2,#2
00A1                  85                Loop:
00A1 120043           86                             LCALL Setup_Clock
00A4 120030           87                             LCALL delay_10ms_Timer
00A7 7D00             88                         MOV R5,#0
00A9 7C00             89                             MOV R4,#0
00AB 7B00             90                             MOV R3,#0
00AD 7A00             91                             MOV R2,#0
00AF 80F0             92                     JMP Loop
                      93     
                      94     ;delay: 
                      95     ;       MOV R0, #01H
                      96     ;LP2:   MOV R1, #010H
                      97     ;LP1:   MOV R2, #010H
                      98     ;LP3:   DJNZ R2, LP3 
                      99     ;       DJNZ R1, LP1 
                     100     ;       DJNZ R0, LP2
                     101     ;      RET
                     102     END
A51 MACRO ASSEMBLER  MAIN                                                                 04/05/2023 20:05:20 PAGE     3

SYMBOL TABLE LISTING
------ ----- -------


N A M E             T Y P E  V A L U E   ATTRIBUTES

DELAY_10MS_TIMER .  C ADDR   0030H   A   
HIENTHICHUCGIO . .  C ADDR   0051H   A   
HIENTHICHUCGIO_1 .  C ADDR   0054H   A   
HIENTHICHUCPHUT. .  C ADDR   0067H   A   
HIENTHICHUCPHUT_1.  C ADDR   006AH   A   
HIENTHIDONVIGIO. .  C ADDR   005CH   A   
HIENTHIDONVIGIO_1.  C ADDR   005FH   A   
HIENTHIDONVIPHUT .  C ADDR   0072H   A   
HIENTHIDONVIPHUT_1  C ADDR   0075H   A   
INIT_CLOCK . . . .  C ADDR   004EH   A   
LOOP . . . . . . .  C ADDR   00A1H   A   
MAIN . . . . . . .  C ADDR   0099H   A   
P2 . . . . . . . .  D ADDR   00A0H   A   
P3 . . . . . . . .  D ADDR   00B0H   A   
SETUP_CLOCK. . . .  C ADDR   0043H   A   
TF0. . . . . . . .  B ADDR   0088H.5 A   
TH0. . . . . . . .  D ADDR   008CH   A   
TL0. . . . . . . .  D ADDR   008AH   A   
TMOD . . . . . . .  D ADDR   0089H   A   
TR0. . . . . . . .  B ADDR   0088H.4 A   


REGISTER BANK(S) USED: 0 


ASSEMBLY COMPLETE.  0 WARNING(S), 0 ERROR(S)
