A51 MACRO ASSEMBLER  MAIN                                                                 04/06/2023 08:30:34 PAGE     1


MACRO ASSEMBLER A51 V8.2.7.0
OBJECT MODULE PLACED IN .\Objects\main.obj
ASSEMBLER INVOKED BY: C:\Keil_v5\C51\BIN\A51.EXE main.asm SET(SMALL) DEBUG PRINT(.\Listings\main.lst) OBJECT(.\Objects\m
                      ain.obj) EP

LOC  OBJ            LINE     SOURCE

4000                   1     ORG 4000H
4000 C0F9A4B0          2     DB 0c0h,0f9h,0a4h,0b0h,99h,92h,82h,0f8h,80h,90h
4004 999282F8                
4008 8090                    
                       3     ;Thu tu luu tru cua cac thanh ghi {R2}{R3}:{R4}{R5}
0000                   4     ORG 0000H
0000 020091            5     LJMP main
0030                   6     ORG 30H
0030                   7     delay_60ms_Loop:
0030 7F3C              8             MOV R7, #60
0032                   9             Start: 
0032 1137             10                     ACALL delay
0034 DFFC             11                     DJNZ R7, Start
0036 22               12                     RET     
0037                  13             delay:
0037 78FA             14                     MOV R0, #250
0039 79FA             15                     MOV R1, #250
003B                  16             Loop1:
003B D8FE             17                     DJNZ R0, Loop1
003D                  18             Loop2:
003D D9FE             19                     DJNZ R1, Loop2
003F 22               20             RET
0040 22               21     RET
0041                  22     Setup_Clock:
0041 7EFA             23     MOV R6, #250
0043 BA0204           24     CJNE R2, #2d,Init_Clock
0046 BB0401           25     CJNE R3, #4d,Init_Clock
0049 22               26     RET
004A                  27     Init_Clock:
004A 904000           28             MOV DPTR, #4000H
004D                  29         HienThiChucGio:
004D 75B000           30             MOV P3, #00000000b
0050                  31             HienThiChucGio_1:
0050 E4               32                     CLR A
0051 EA               33                     MOV A,R2
0052 93               34                     MOVC A,@A+DPTR
0053 F5A0             35                     MOV P2, A
0055 120030           36                     LCAlL delay_60ms_Loop
0058                  37         HienThiDonViGio:
0058 75B001           38             MOV P3, #00000001b
005B                  39             HienThiDonViGio_1:
005B E4               40                     CLR A
005C EB               41                     MOV A,R3
005D 93               42                     MOVC A,@A+DPTR
005E F5A0             43                     MOV P2, A
0060 120030           44                     LCAlL delay_60ms_Loop
0063                  45         HienThiChucPhut:
0063 75B002           46             MOV P3, #00000010b
0066                  47             HienThiChucPhut_1:
0066 E4               48                     CLR A
0067 EC               49                     MOV A,R4
0068 93               50                     MOVC A,@A+DPTR
0069 F5A0             51                     MOV P2, A
006B 120030           52                     LCAlL delay_60ms_Loop
006E                  53         HienThiDonViPhut:
006E 75B003           54             MOV P3, #00000011b
0071                  55             HienThiDonViPhut_1:
A51 MACRO ASSEMBLER  MAIN                                                                 04/06/2023 08:30:34 PAGE     2

0071 E4               56                     CLR A
0072 ED               57                     MOV A,R5
0073 93               58                     MOVC A,@A+DPTR
0074 F5A0             59                     MOV P2, A
0076 120030           60                     LCAlL delay_60ms_Loop
0079 DECF             61             DJNZ R6, Init_Clock
007B 0D               62             INC R5
007C BD0AC2           63             CJNE R5,#10, Setup_Clock
007F 7D00             64             MOV R5, #0
0081 0C               65             INC R4
0082 BC06BC           66             CJNE R4,#6, Setup_Clock
0085 7C00             67             MOV R4, #0
0087 0B               68             INC R3
0088 BB0AB6           69             CJNE R3,#10, Setup_Clock
008B 7B00             70             MOV R3, #0
008D 0A               71             INC R2
008E 80B1             72             JMP Setup_Clock
0090 22               73     RET
0091                  74     main:      
0091 7D00             75                MOV R5,#0
0093 7C03             76                MOV R4,#3
0095 7B03             77                MOV R3,#3
0097 7A02             78                MOV R2,#2
0099                  79                Loop:
0099 120041           80                             LCALL Setup_Clock
009C 120030           81                             LCALL delay_60ms_Loop
009F 7D00             82                         MOV R5,#0
00A1 7C00             83                             MOV R4,#0
00A3 7B00             84                             MOV R3,#0
00A5 7A00             85                             MOV R2,#0
00A7 80F0             86                     JMP Loop
                      87     END
A51 MACRO ASSEMBLER  MAIN                                                                 04/06/2023 08:30:34 PAGE     3

SYMBOL TABLE LISTING
------ ----- -------


N A M E             T Y P E  V A L U E   ATTRIBUTES

DELAY. . . . . . .  C ADDR   0037H   A   
DELAY_60MS_LOOP. .  C ADDR   0030H   A   
HIENTHICHUCGIO . .  C ADDR   004DH   A   
HIENTHICHUCGIO_1 .  C ADDR   0050H   A   
HIENTHICHUCPHUT. .  C ADDR   0063H   A   
HIENTHICHUCPHUT_1.  C ADDR   0066H   A   
HIENTHIDONVIGIO. .  C ADDR   0058H   A   
HIENTHIDONVIGIO_1.  C ADDR   005BH   A   
HIENTHIDONVIPHUT .  C ADDR   006EH   A   
HIENTHIDONVIPHUT_1  C ADDR   0071H   A   
INIT_CLOCK . . . .  C ADDR   004AH   A   
LOOP . . . . . . .  C ADDR   0099H   A   
LOOP1. . . . . . .  C ADDR   003BH   A   
LOOP2. . . . . . .  C ADDR   003DH   A   
MAIN . . . . . . .  C ADDR   0091H   A   
P2 . . . . . . . .  D ADDR   00A0H   A   
P3 . . . . . . . .  D ADDR   00B0H   A   
SETUP_CLOCK. . . .  C ADDR   0041H   A   
START. . . . . . .  C ADDR   0032H   A   


REGISTER BANK(S) USED: 0 


ASSEMBLY COMPLETE.  0 WARNING(S), 0 ERROR(S)
